TN:
SF:app/page.js
FN:7,generateRoomId
FN:11,Home
FN:29,(anonymous_2)
FN:58,(anonymous_3)
FN:93,(anonymous_4)
FN:103,(anonymous_5)
FN:126,(anonymous_6)
FN:137,(anonymous_7)
FN:148,(anonymous_8)
FN:165,(anonymous_9)
FN:189,(anonymous_10)
FN:200,(anonymous_11)
FN:211,(anonymous_12)
FN:220,(anonymous_13)
FN:230,(anonymous_14)
FN:240,(anonymous_15)
FN:250,(anonymous_16)
FN:266,(anonymous_17)
FNF:18
FNH:2
FNDA:4,generateRoomId
FNDA:4,Home
FNDA:0,(anonymous_2)
FNDA:0,(anonymous_3)
FNDA:0,(anonymous_4)
FNDA:0,(anonymous_5)
FNDA:0,(anonymous_6)
FNDA:0,(anonymous_7)
FNDA:0,(anonymous_8)
FNDA:0,(anonymous_9)
FNDA:0,(anonymous_10)
FNDA:0,(anonymous_11)
FNDA:0,(anonymous_12)
FNDA:0,(anonymous_13)
FNDA:0,(anonymous_14)
FNDA:0,(anonymous_15)
FNDA:0,(anonymous_16)
FNDA:0,(anonymous_17)
DA:5,1
DA:8,4
DA:12,4
DA:13,4
DA:14,4
DA:15,4
DA:16,4
DA:17,4
DA:18,4
DA:19,4
DA:20,4
DA:21,4
DA:22,4
DA:23,4
DA:24,4
DA:25,4
DA:26,4
DA:29,4
DA:30,0
DA:31,0
DA:32,0
DA:33,0
DA:34,0
DA:39,0
DA:40,0
DA:42,0
DA:46,0
DA:48,0
DA:51,0
DA:53,0
DA:58,4
DA:59,0
DA:60,0
DA:61,0
DA:62,0
DA:63,0
DA:76,0
DA:77,0
DA:78,0
DA:80,0
DA:83,0
DA:85,0
DA:89,4
DA:93,0
DA:103,0
DA:126,0
DA:137,0
DA:148,0
DA:165,0
DA:189,0
DA:200,0
DA:211,0
DA:220,0
DA:230,0
DA:240,0
DA:250,0
DA:266,0
LF:57
LH:20
BRDA:40,0,0,0
BRDA:40,0,1,0
BRDA:40,1,0,0
BRDA:40,1,1,0
BRDA:48,2,0,0
BRDA:48,2,1,0
BRDA:77,3,0,0
BRDA:77,3,1,0
BRDA:80,4,0,0
BRDA:80,4,1,0
BRDA:80,4,2,0
BRDA:95,5,0,4
BRDA:95,5,1,0
BRDA:105,6,0,0
BRDA:105,6,1,4
BRDA:114,7,0,4
BRDA:114,7,1,0
BRDA:118,8,0,4
BRDA:118,8,1,0
BRDA:175,9,0,0
BRDA:175,9,1,4
BRDA:178,10,0,0
BRDA:178,10,1,4
BRDA:259,11,0,0
BRDA:259,11,1,0
BRDA:262,12,0,0
BRDA:262,12,1,0
BRF:27
BRH:6
end_of_record
TN:
SF:app/clientlobby/[roomId]/page.js
FN:7,ClientLobby
FN:25,(anonymous_1)
FN:37,(anonymous_2)
FN:39,(anonymous_3)
FN:52,(anonymous_4)
FN:54,(anonymous_5)
FN:63,(anonymous_6)
FN:66,formatTime
FN:72,(anonymous_8)
FN:183,(anonymous_9)
FN:193,(anonymous_10)
FNF:11
FNH:4
FNDA:3,ClientLobby
FNDA:3,(anonymous_1)
FNDA:3,(anonymous_2)
FNDA:0,(anonymous_3)
FNDA:3,(anonymous_4)
FNDA:0,(anonymous_5)
FNDA:0,(anonymous_6)
FNDA:0,formatTime
FNDA:0,(anonymous_8)
FNDA:0,(anonymous_9)
FNDA:0,(anonymous_10)
DA:5,1
DA:8,3
DA:9,3
DA:10,3
DA:11,3
DA:12,3
DA:17,3
DA:18,3
DA:19,3
DA:20,3
DA:22,3
DA:25,3
DA:26,3
DA:27,3
DA:28,3
DA:29,3
DA:31,0
DA:32,0
DA:33,0
DA:37,3
DA:38,3
DA:39,0
DA:40,0
DA:41,0
DA:44,0
DA:45,0
DA:48,0
DA:52,3
DA:53,3
DA:54,0
DA:55,0
DA:56,0
DA:59,0
DA:60,0
DA:63,0
DA:67,0
DA:68,0
DA:69,0
DA:72,3
DA:73,0
DA:74,0
DA:75,0
DA:76,0
DA:77,0
DA:89,0
DA:91,0
DA:93,0
DA:96,3
DA:97,3
DA:104,0
DA:183,0
DA:193,0
LF:52
LH:23
BRDA:22,0,0,0
BRDA:22,0,1,3
BRDA:27,1,0,3
BRDA:27,1,1,0
BRDA:38,2,0,3
BRDA:38,2,1,0
BRDA:45,3,0,0
BRDA:45,3,1,0
BRDA:45,4,0,0
BRDA:45,4,1,0
BRDA:53,5,0,3
BRDA:53,5,1,0
BRDA:96,6,0,3
BRDA:96,6,1,0
BRDA:115,7,0,0
BRDA:115,7,1,0
BRDA:123,8,0,0
BRDA:123,8,1,0
BRDA:123,9,0,0
BRDA:123,9,1,0
BRDA:169,10,0,0
BRDA:169,10,1,0
BRDA:169,10,2,0
BRDA:204,11,0,0
BRDA:204,11,1,0
BRDA:207,12,0,0
BRDA:207,12,1,0
BRF:27
BRH:5
end_of_record
TN:
SF:app/components/header.js
FN:1,Header
FNF:1
FNH:1
FNDA:3,Header
DA:2,3
LF:1
LH:1
BRF:0
BRH:0
end_of_record
TN:
SF:app/hostlobby/[roomId]/page.js
FN:14,HostLobby
FN:32,(anonymous_1)
FN:43,(anonymous_2)
FN:45,(anonymous_3)
FN:56,(anonymous_4)
FN:60,(anonymous_5)
FN:64,(anonymous_6)
FN:65,(anonymous_7)
FN:85,(anonymous_8)
FN:92,(anonymous_9)
FN:98,(anonymous_10)
FN:108,(anonymous_11)
FN:113,(anonymous_12)
FN:114,(anonymous_13)
FN:126,(anonymous_14)
FN:133,(anonymous_15)
FN:140,(anonymous_16)
FN:155,(anonymous_17)
FN:180,(anonymous_18)
FN:187,(anonymous_19)
FN:194,(anonymous_20)
FN:221,formatTime
FN:278,(anonymous_22)
FN:368,(anonymous_23)
FN:378,(anonymous_24)
FN:404,(anonymous_25)
FN:410,(anonymous_26)
FN:417,(anonymous_27)
FN:417,(anonymous_28)
FNF:29
FNH:4
FNDA:3,HostLobby
FNDA:3,(anonymous_1)
FNDA:3,(anonymous_2)
FNDA:0,(anonymous_3)
FNDA:0,(anonymous_4)
FNDA:3,(anonymous_5)
FNDA:0,(anonymous_6)
FNDA:0,(anonymous_7)
FNDA:0,(anonymous_8)
FNDA:0,(anonymous_9)
FNDA:0,(anonymous_10)
FNDA:0,(anonymous_11)
FNDA:0,(anonymous_12)
FNDA:0,(anonymous_13)
FNDA:0,(anonymous_14)
FNDA:0,(anonymous_15)
FNDA:0,(anonymous_16)
FNDA:0,(anonymous_17)
FNDA:0,(anonymous_18)
FNDA:0,(anonymous_19)
FNDA:0,(anonymous_20)
FNDA:0,formatTime
FNDA:0,(anonymous_22)
FNDA:0,(anonymous_23)
FNDA:0,(anonymous_24)
FNDA:0,(anonymous_25)
FNDA:0,(anonymous_26)
FNDA:0,(anonymous_27)
FNDA:0,(anonymous_28)
DA:12,1
DA:15,3
DA:16,3
DA:17,3
DA:18,3
DA:19,3
DA:20,3
DA:21,3
DA:22,3
DA:23,3
DA:24,3
DA:25,3
DA:26,3
DA:27,3
DA:29,3
DA:30,3
DA:32,3
DA:33,3
DA:34,3
DA:35,3
DA:36,3
DA:38,0
DA:39,0
DA:40,0
DA:43,3
DA:44,3
DA:45,0
DA:46,0
DA:47,0
DA:48,0
DA:49,0
DA:50,0
DA:54,0
DA:55,0
DA:56,0
DA:60,3
DA:61,3
DA:62,0
DA:63,0
DA:64,0
DA:65,0
DA:66,0
DA:68,0
DA:78,0
DA:79,0
DA:81,0
DA:84,0
DA:85,0
DA:87,3
DA:92,3
DA:93,0
DA:94,0
DA:95,0
DA:98,3
DA:99,0
DA:100,0
DA:101,0
DA:102,0
DA:103,0
DA:104,0
DA:108,3
DA:109,0
DA:110,0
DA:111,0
DA:112,0
DA:113,0
DA:114,0
DA:115,0
DA:116,0
DA:117,0
DA:119,0
DA:122,0
DA:126,3
DA:127,0
DA:128,0
DA:129,0
DA:133,3
DA:134,0
DA:135,0
DA:136,0
DA:140,3
DA:141,0
DA:142,0
DA:143,0
DA:148,0
DA:149,0
DA:151,0
DA:155,3
DA:156,0
DA:157,0
DA:158,0
DA:159,0
DA:160,0
DA:172,0
DA:174,0
DA:176,0
DA:180,3
DA:181,0
DA:182,0
DA:183,0
DA:184,0
DA:186,0
DA:187,0
DA:189,0
DA:191,0
DA:192,0
DA:194,0
DA:195,0
DA:200,0
DA:201,0
DA:205,0
DA:206,0
DA:209,0
DA:212,0
DA:213,0
DA:214,0
DA:215,0
DA:217,0
DA:222,0
DA:223,0
DA:224,0
DA:227,3
DA:228,3
DA:235,0
DA:279,0
DA:280,0
DA:281,0
DA:282,0
DA:283,0
DA:284,0
DA:368,0
DA:378,0
DA:405,0
DA:411,0
DA:412,0
DA:417,0
LF:136
LH:36
BRDA:29,0,0,0
BRDA:29,0,1,3
BRDA:30,1,0,3
BRDA:30,1,1,3
BRDA:34,2,0,3
BRDA:34,2,1,0
BRDA:44,3,0,3
BRDA:44,3,1,0
BRDA:49,4,0,0
BRDA:49,4,1,0
BRDA:50,5,0,0
BRDA:50,5,1,0
BRDA:61,6,0,0
BRDA:61,6,1,3
BRDA:61,7,0,3
BRDA:61,7,1,0
BRDA:61,7,2,0
BRDA:63,8,0,0
BRDA:63,8,1,0
BRDA:66,9,0,0
BRDA:66,9,1,0
BRDA:78,10,0,0
BRDA:78,10,1,0
BRDA:87,11,0,0
BRDA:87,11,1,3
BRDA:102,12,0,0
BRDA:102,12,1,0
BRDA:109,13,0,0
BRDA:109,13,1,0
BRDA:112,14,0,0
BRDA:112,14,1,0
BRDA:112,15,0,0
BRDA:112,15,1,0
BRDA:115,16,0,0
BRDA:115,16,1,0
BRDA:127,17,0,0
BRDA:127,17,1,0
BRDA:134,18,0,0
BRDA:134,18,1,0
BRDA:141,19,0,0
BRDA:141,19,1,0
BRDA:184,20,0,0
BRDA:184,20,1,0
BRDA:206,21,0,0
BRDA:206,21,1,0
BRDA:227,22,0,3
BRDA:227,22,1,0
BRDA:255,23,0,0
BRDA:255,23,1,0
BRDA:265,24,0,0
BRDA:265,24,1,0
BRDA:271,25,0,0
BRDA:271,25,1,0
BRDA:281,26,0,0
BRDA:281,26,1,0
BRDA:281,27,0,0
BRDA:281,27,1,0
BRDA:310,28,0,0
BRDA:310,28,1,0
BRDA:326,29,0,0
BRDA:326,29,1,0
BRDA:334,30,0,0
BRDA:334,30,1,0
BRDA:350,31,0,0
BRDA:350,31,1,0
BRDA:350,32,0,0
BRDA:350,32,1,0
BRDA:389,33,0,0
BRDA:389,33,1,0
BRDA:392,34,0,0
BRDA:392,34,1,0
BRDA:401,35,0,0
BRDA:401,35,1,0
BRF:73
BRH:9
end_of_record
